SF:/Users/mcfly/workspace/flutter-plugins/gate/packages/gate_generator/lib/src/models/class_model.dart
DA:9,8
DA:14,15
DA:24,4
DA:32,0
DA:37,0
DA:39,0
DA:40,0
DA:41,0
DA:45,1
DA:50,1
DA:52,1
DA:53,1
DA:54,3
DA:58,6
DA:59,3
DA:60,3
DA:61,3
DA:62,6
DA:63,14
DA:67,0
DA:69,1
DA:70,1
DA:71,1
DA:72,1
DA:73,1
DA:74,1
DA:78,0
DA:80,2
DA:81,1
DA:82,1
DA:83,1
DA:84,2
DA:85,1
DA:88,0
DA:95,0
DA:103,1
DA:104,10
DA:106,1
DA:107,8
DA:114,1
DA:116,0
DA:119,0
DA:120,0
DA:123,0
DA:125,2
DA:126,1
DA:129,0
DA:130,0
LF:48
LH:33
end_of_record
SF:/Users/mcfly/workspace/flutter-plugins/gate/packages/gate_generator/lib/src/factories/abstract_provider_factory.dart
DA:23,1
LF:1
LH:1
end_of_record
SF:/Users/mcfly/workspace/flutter-plugins/gate/packages/gate_generator/lib/src/factories/class_provider_factory.dart
DA:9,1
DA:11,0
DA:12,0
DA:13,0
DA:14,0
DA:16,1
DA:17,3
DA:18,0
DA:19,15
DA:21,1
DA:23,3
DA:24,10
DA:26,0
DA:29,1
DA:31,3
DA:32,10
DA:34,0
DA:37,1
DA:39,1
DA:40,3
DA:41,1
DA:42,0
DA:44,5
DA:46,1
DA:49,4
DA:50,0
DA:51,0
DA:52,6
DA:53,3
DA:54,4
DA:56,3
DA:57,5
DA:58,8
DA:59,3
DA:61,3
DA:62,5
DA:63,1
DA:64,7
DA:65,2
DA:66,1
DA:68,3
DA:69,5
DA:70,1
DA:71,2
DA:72,4
DA:73,1
DA:74,8
DA:75,4
DA:79,2
DA:81,1
DA:83,2
DA:84,5
DA:85,1
DA:86,1
DA:87,7
DA:88,2
DA:89,4
DA:91,1
DA:94,5
DA:96,1
DA:97,1
DA:102,2
DA:104,1
DA:106,1
DA:108,1
DA:109,6
DA:111,1
DA:112,1
LF:68
LH:58
end_of_record
SF:/Users/mcfly/workspace/flutter-plugins/gate/packages/gate_generator/lib/src/factories/gate_provider_factory.dart
DA:9,1
DA:11,1
DA:13,1
DA:14,1
DA:16,3
DA:17,2
DA:18,2
DA:19,2
DA:20,1
DA:21,2
DA:23,2
DA:26,2
DA:27,3
DA:34,1
DA:35,4
DA:36,1
DA:37,1
DA:38,1
DA:39,2
DA:40,1
DA:41,2
DA:42,5
DA:43,2
DA:45,2
DA:46,1
DA:47,2
DA:48,1
DA:49,2
DA:52,5
DA:54,1
DA:56,4
LF:31
LH:31
end_of_record
SF:/Users/mcfly/workspace/flutter-plugins/gate/packages/gate_generator/lib/src/models/gate_provider_graph.dart
DA:12,2
DA:15,1
DA:16,6
DA:17,0
DA:22,1
DA:23,2
DA:24,2
DA:25,2
DA:26,4
DA:27,0
DA:29,1
DA:34,1
DA:35,1
DA:36,2
DA:37,1
DA:39,2
DA:40,2
DA:41,2
DA:42,3
DA:46,1
DA:51,2
DA:54,3
DA:55,2
DA:56,2
DA:57,4
DA:58,0
DA:60,2
DA:61,3
DA:63,1
DA:64,3
DA:65,2
DA:69,2
DA:71,0
LF:33
LH:29
end_of_record
SF:/Users/mcfly/workspace/flutter-plugins/gate/packages/gate_generator/lib/src/generator/exceptions/gate_provider_exceptions.dart
DA:4,1
DA:6,0
DA:7,0
DA:11,0
LF:4
LH:1
end_of_record
SF:/Users/mcfly/workspace/flutter-plugins/gate/packages/gate_generator/lib/src/generator/gate_imports_generator.dart
DA:12,1
DA:14,1
DA:15,3
DA:16,1
DA:17,2
DA:19,1
DA:20,2
DA:21,0
DA:23,2
DA:24,0
DA:25,0
DA:26,0
DA:27,0
DA:29,1
DA:30,3
DA:31,3
DA:34,1
DA:35,2
DA:36,3
DA:43,1
DA:44,2
DA:45,3
DA:52,0
DA:54,0
DA:55,0
DA:60,0
DA:65,1
DA:66,3
DA:69,1
DA:70,7
LF:30
LH:21
end_of_record
SF:/Users/mcfly/workspace/flutter-plugins/gate/packages/gate_generator/lib/src/generator/gate_inject_generator.dart
DA:19,2
DA:22,1
DA:23,2
DA:24,3
DA:26,3
DA:28,1
DA:30,0
DA:36,1
DA:37,1
DA:38,2
DA:41,2
DA:42,2
DA:44,0
DA:48,1
DA:49,6
DA:50,1
DA:51,4
DA:52,2
DA:53,1
DA:54,1
DA:55,2
DA:57,1
DA:58,1
LF:23
LH:21
end_of_record
SF:/Users/mcfly/workspace/flutter-plugins/gate/packages/gate_generator/lib/src/generator/graph_reader.dart
DA:14,0
DA:16,2
DA:17,4
DA:19,2
DA:20,4
DA:21,4
DA:22,2
DA:23,8
DA:24,8
DA:26,4
DA:27,12
DA:28,4
DA:31,2
DA:32,2
DA:33,8
LF:15
LH:14
end_of_record
SF:/Users/mcfly/workspace/flutter-plugins/gate/packages/gate_generator/lib/src/models/injected_model.dart
DA:8,1
DA:10,2
DA:11,2
DA:12,2
DA:13,2
DA:16,4
DA:18,1
DA:19,7
DA:22,1
DA:23,1
DA:24,7
DA:26,0
DA:29,5
LF:13
LH:12
end_of_record
SF:/Users/mcfly/workspace/flutter-plugins/gate/packages/gate_generator/lib/src/builder/graph_builder.dart
DA:6,1
DA:17,1
DA:20,1
DA:21,2
DA:22,1
DA:23,2
DA:24,2
DA:27,0
DA:31,1
DA:32,1
DA:33,3
DA:36,1
DA:38,2
DA:39,1
DA:40,2
DA:43,0
DA:44,0
LF:17
LH:14
end_of_record
SF:/Users/mcfly/workspace/flutter-plugins/gate/packages/gate_generator/lib/src/generator/gate_provider_generator.dart
DA:12,2
DA:15,1
DA:16,2
DA:17,3
DA:19,4
DA:20,2
DA:21,3
DA:24,3
DA:25,3
DA:27,4
LF:10
LH:10
end_of_record
SF:/Users/mcfly/workspace/flutter-plugins/gate/packages/gate_generator/lib/src/generator/json_generator.dart
DA:6,1
LF:1
LH:1
end_of_record
SF:/Users/mcfly/workspace/flutter-plugins/gate/packages/gate_generator/lib/src/builder/json_builder.dart
DA:8,0
DA:13,1
DA:15,1
DA:17,1
DA:23,1
DA:24,3
DA:25,2
DA:26,3
DA:28,5
DA:29,1
DA:30,2
DA:31,1
DA:33,1
DA:34,2
DA:38,1
DA:43,1
DA:44,3
DA:45,1
DA:46,2
DA:47,1
LF:20
LH:19
end_of_record
SF:/Users/mcfly/workspace/flutter-plugins/gate/packages/gate_generator/lib/src/generator/gate_schema_generator.dart
DA:14,1
DA:15,2
DA:16,3
DA:17,3
DA:19,2
DA:20,1
DA:21,2
DA:24,1
DA:26,1
DA:27,0
DA:32,2
DA:33,1
DA:36,3
DA:37,2
DA:38,1
DA:39,1
DA:40,3
DA:41,0
DA:42,0
DA:47,0
DA:50,3
DA:52,0
LF:22
LH:17
end_of_record
