SF:/Users/mcfly/workspace/flutter-plugins/gate/packages/gate_generator/lib/src/models/class_model.dart
DA:7,6
DA:12,10
DA:22,3
DA:30,0
DA:35,0
DA:37,0
DA:38,0
DA:39,0
DA:43,1
DA:48,1
DA:50,1
DA:51,1
DA:52,3
DA:56,4
DA:57,2
DA:58,2
DA:59,2
DA:60,4
DA:61,10
DA:65,0
DA:67,1
DA:68,1
DA:69,1
DA:70,1
DA:71,1
DA:72,1
DA:76,0
DA:78,2
DA:79,1
DA:80,1
DA:81,1
DA:82,2
DA:83,1
DA:86,0
DA:93,0
DA:101,1
DA:102,10
DA:104,1
DA:105,8
DA:112,1
DA:114,0
DA:117,0
DA:118,0
DA:121,0
DA:123,2
DA:124,1
DA:127,0
DA:128,0
LF:48
LH:33
end_of_record
SF:/Users/mcfly/workspace/flutter-plugins/gate/packages/gate_generator/lib/src/builder/json_builder.dart
DA:8,0
DA:13,1
DA:15,1
DA:17,1
DA:23,1
DA:24,3
DA:25,5
DA:26,5
DA:27,1
DA:28,2
DA:29,1
DA:31,1
DA:32,2
DA:36,1
DA:41,1
DA:42,3
DA:43,1
DA:44,2
DA:45,1
LF:19
LH:18
end_of_record
SF:/Users/mcfly/workspace/flutter-plugins/gate/packages/gate_generator/lib/src/factories/class_provider_factory.dart
DA:8,1
DA:10,1
DA:11,9
DA:13,1
DA:14,8
DA:16,1
DA:18,3
DA:19,10
DA:21,0
DA:24,1
DA:31,1
DA:32,3
DA:33,1
DA:34,0
DA:36,5
DA:38,1
DA:43,2
DA:45,1
DA:47,1
DA:48,6
DA:49,1
DA:50,6
DA:51,1
DA:52,1
DA:57,2
DA:59,1
DA:61,1
DA:62,6
DA:63,1
DA:64,1
LF:30
LH:28
end_of_record
SF:/Users/mcfly/workspace/flutter-plugins/gate/packages/gate_generator/lib/src/factories/gate_provider_factory.dart
DA:8,1
DA:10,1
DA:12,1
DA:13,1
DA:14,1
DA:15,1
DA:16,1
DA:17,1
DA:18,3
DA:19,2
DA:20,1
DA:21,1
DA:22,1
DA:25,1
DA:26,1
DA:27,1
DA:28,1
DA:29,1
DA:30,1
DA:31,1
DA:32,3
DA:33,3
DA:34,3
DA:36,1
DA:37,1
DA:38,1
LF:26
LH:26
end_of_record
SF:/Users/mcfly/workspace/flutter-plugins/gate/packages/gate_generator/lib/src/models/gate_provider_graph.dart
DA:11,1
DA:14,1
DA:15,6
DA:21,1
DA:22,2
DA:23,2
DA:24,2
DA:25,4
DA:26,0
DA:28,1
DA:33,1
DA:34,1
DA:35,2
DA:36,1
DA:38,2
DA:39,2
DA:40,2
DA:41,2
DA:45,1
DA:46,2
DA:49,3
DA:50,2
DA:51,2
DA:52,4
DA:53,0
DA:55,2
DA:56,1
DA:58,1
DA:59,3
DA:60,2
DA:64,2
LF:31
LH:29
end_of_record
SF:/Users/mcfly/workspace/flutter-plugins/gate/packages/gate_generator/lib/src/generator/exceptions/gate_provider_exceptions.dart
DA:4,1
DA:6,0
DA:7,0
DA:11,0
LF:4
LH:1
end_of_record
SF:/Users/mcfly/workspace/flutter-plugins/gate/packages/gate_generator/lib/src/generator/gate_schema_generator.dart
DA:14,1
DA:15,2
DA:16,3
DA:17,3
DA:19,2
DA:20,1
DA:21,2
DA:24,1
DA:26,4
DA:27,1
DA:28,0
DA:33,2
DA:34,1
DA:37,3
DA:38,3
DA:39,1
DA:40,3
DA:41,0
DA:42,0
DA:47,0
DA:50,3
DA:52,0
LF:22
LH:17
end_of_record
SF:/Users/mcfly/workspace/flutter-plugins/gate/packages/gate_generator/lib/src/builder/aggregating_builder.dart
DA:11,0
DA:15,0
DA:17,0
DA:19,0
DA:24,0
DA:25,0
DA:26,0
DA:27,0
DA:32,0
DA:33,0
DA:34,0
DA:35,0
DA:36,0
DA:37,0
DA:39,0
DA:42,0
DA:47,0
DA:48,0
DA:49,0
DA:50,0
LF:20
LH:0
end_of_record
SF:/Users/mcfly/workspace/flutter-plugins/gate/packages/gate_generator/lib/src/builder/graph_builder.dart
DA:7,1
DA:18,1
DA:20,1
DA:21,2
DA:22,1
DA:23,2
DA:24,2
DA:27,0
DA:31,1
DA:32,1
DA:33,3
DA:36,1
DA:38,2
DA:39,1
DA:40,2
DA:43,0
DA:44,0
LF:17
LH:14
end_of_record
SF:/Users/mcfly/workspace/flutter-plugins/gate/packages/gate_generator/lib/src/generator/gate_provider_generator.dart
DA:12,2
DA:15,1
DA:16,2
DA:17,3
DA:19,4
DA:20,2
DA:21,3
DA:24,3
DA:25,3
DA:27,4
LF:10
LH:10
end_of_record
SF:/Users/mcfly/workspace/flutter-plugins/gate/packages/gate_generator/lib/src/generator/graph_reader.dart
DA:14,0
DA:16,3
DA:18,1
DA:19,2
DA:20,2
DA:21,1
DA:22,4
DA:23,4
DA:25,2
DA:26,6
DA:27,2
DA:30,1
DA:31,1
DA:32,4
LF:14
LH:13
end_of_record
SF:/Users/mcfly/workspace/flutter-plugins/gate/packages/gate_generator/lib/src/generator/json_generator.dart
DA:6,1
LF:1
LH:1
end_of_record
